TN:
SF:src\constants\botStates.ts
FNF:0
FNH:0
DA:1,1
DA:2,1
DA:3,1
DA:4,1
DA:5,1
DA:6,1
DA:7,1
DA:8,1
DA:9,1
DA:10,1
DA:11,1
DA:12,1
LF:12
LH:12
BRDA:1,0,0,1
BRF:1
BRH:1
end_of_record
TN:
SF:src\services\bot\BotMessageRouter.ts
FN:28,isGenericSchedulingCommand
FN:35,hasServiceRequestCue
FN:41,looksLikeServiceDescription
FN:65,route
FNF:4
FNH:4
FNDA:1,isGenericSchedulingCommand
FNDA:2,hasServiceRequestCue
FNDA:2,looksLikeServiceDescription
FNDA:10,route
DA:1,1
DA:2,1
DA:3,1
DA:4,1
DA:5,1
DA:6,1
DA:7,1
DA:8,1
DA:9,1
DA:10,1
DA:11,1
DA:12,1
DA:13,1
DA:14,1
DA:15,1
DA:16,1
DA:17,1
DA:18,1
DA:19,1
DA:20,1
DA:21,1
DA:22,1
DA:23,1
DA:24,1
DA:25,1
DA:26,1
DA:27,1
DA:28,1
DA:29,1
DA:30,1
DA:31,1
DA:32,1
DA:33,1
DA:34,1
DA:35,2
DA:36,2
DA:37,2
DA:38,2
DA:39,2
DA:40,1
DA:41,2
DA:42,2
DA:43,2
DA:44,2
DA:45,2
DA:46,2
DA:47,2
DA:48,2
DA:49,2
DA:50,0
DA:51,0
DA:52,0
DA:53,0
DA:54,0
DA:55,0
DA:56,0
DA:57,0
DA:58,2
DA:59,2
DA:60,1
DA:61,1
DA:62,1
DA:63,1
DA:64,1
DA:65,1
DA:66,10
DA:67,10
DA:68,10
DA:69,10
DA:70,10
DA:71,10
DA:72,10
DA:73,10
DA:74,10
DA:75,0
DA:76,0
DA:77,10
DA:78,10
DA:79,10
DA:80,10
DA:81,10
DA:82,10
DA:83,10
DA:84,10
DA:85,10
DA:86,10
DA:87,10
DA:88,10
DA:89,10
DA:90,10
DA:91,10
DA:92,10
DA:93,10
DA:94,10
DA:95,10
DA:96,10
DA:97,10
DA:98,10
DA:99,10
DA:100,10
DA:101,10
DA:102,10
DA:103,6
DA:104,6
DA:105,6
DA:106,6
DA:107,6
DA:108,6
DA:109,6
DA:110,6
DA:111,6
DA:112,6
DA:113,6
DA:114,6
DA:115,6
DA:116,2
DA:117,2
DA:118,2
DA:119,2
DA:120,6
DA:121,6
DA:122,6
DA:123,4
DA:124,6
DA:125,2
DA:126,2
DA:127,6
DA:128,10
DA:129,10
DA:130,10
DA:131,10
DA:132,1
LF:132
LH:122
BRDA:28,0,0,1
BRDA:35,1,0,2
BRDA:41,2,0,2
BRDA:50,3,0,0
BRDA:65,4,0,10
BRDA:74,5,0,0
BRDA:90,6,0,0
BRDA:93,7,0,1
BRDA:94,8,0,1
BRDA:97,9,0,0
BRDA:98,10,0,4
BRDA:99,11,0,6
BRDA:100,12,0,4
BRDA:102,13,0,6
BRDA:105,14,0,0
BRDA:114,15,0,4
BRDA:115,16,0,2
BRDA:122,17,0,4
BRDA:124,18,0,2
BRF:19
BRH:14
end_of_record
TN:
SF:src\services\bot\serviceChoice.helpers.ts
FN:33,canonicalizeServiceToken
FN:37,normalizeServiceChoiceTitleKey
FN:45,groupServiceOptions
FN:78,migrateLegacyServiceOptions
FNF:4
FNH:4
FNDA:612,canonicalizeServiceToken
FNDA:78,normalizeServiceChoiceTitleKey
FNDA:27,groupServiceOptions
FNDA:54,migrateLegacyServiceOptions
DA:1,1
DA:2,1
DA:3,1
DA:4,1
DA:5,1
DA:6,1
DA:7,1
DA:8,1
DA:9,1
DA:10,1
DA:11,1
DA:12,1
DA:13,1
DA:14,1
DA:15,1
DA:16,1
DA:17,1
DA:18,1
DA:19,1
DA:20,1
DA:21,1
DA:22,1
DA:23,1
DA:24,1
DA:25,1
DA:26,1
DA:27,1
DA:28,1
DA:29,1
DA:30,1
DA:31,1
DA:32,1
DA:33,612
DA:34,612
DA:35,612
DA:36,1
DA:37,78
DA:38,78
DA:39,78
DA:40,78
DA:41,78
DA:42,78
DA:43,78
DA:44,1
DA:45,27
DA:46,27
DA:47,27
DA:48,27
DA:49,27
DA:50,27
DA:51,42
DA:52,42
DA:53,42
DA:54,9
DA:55,9
DA:56,9
DA:57,9
DA:58,9
DA:59,33
DA:60,33
DA:61,33
DA:62,33
DA:63,33
DA:64,33
DA:65,33
DA:66,33
DA:67,33
DA:68,33
DA:69,27
DA:70,27
DA:71,27
DA:72,1
DA:73,1
DA:74,1
DA:75,1
DA:76,1
DA:77,1
DA:78,54
DA:79,54
DA:80,54
DA:81,54
DA:82,54
DA:83,54
DA:84,46
DA:85,54
DA:86,54
DA:87,54
DA:88,0
DA:89,0
DA:90,0
DA:91,0
DA:92,0
DA:93,0
DA:94,0
DA:95,0
DA:96,0
DA:97,0
DA:98,0
DA:99,0
DA:100,0
DA:101,0
DA:102,0
DA:103,0
DA:104,0
DA:105,0
DA:106,0
DA:107,0
DA:108,0
DA:109,0
DA:110,0
DA:111,0
DA:112,0
DA:113,0
DA:114,0
DA:115,0
DA:116,0
DA:117,0
DA:118,0
DA:119,0
DA:120,0
DA:121,0
DA:122,0
DA:123,0
DA:124,0
DA:125,0
DA:126,0
LF:126
LH:87
BRDA:33,0,0,612
BRDA:34,1,0,52
BRDA:34,2,0,560
BRDA:37,3,0,78
BRDA:45,4,0,27
BRDA:50,5,0,42
BRDA:53,6,0,9
BRDA:59,7,0,33
BRDA:78,8,0,54
BRDA:83,9,0,46
BRDA:83,10,0,8
BRDA:83,11,0,46
BRDA:84,12,0,0
BRDA:88,13,0,0
BRF:14
BRH:12
end_of_record
TN:
SF:src\services\bot\states\ColetandoServicoState.ts
FN:34,buildServiceOption
FN:72,serviceChoiceResponse
FN:115,serviceChoiceSummary
FN:242,normalizeServiceSearchText
FN:252,canonicalServiceToken
FN:260,serviceSearchTokens
FN:269,analyzeServiceQuery
FN:350,strongTokenSimilarity
FN:357,calculateLexicalMatch
FN:393,findLexicalServiceAnchors
FN:425,findServiceChoiceByName
FN:448,taxonomyFromServices
FN:473,loadActiveTaxonomy
FN:532,findUniqueTaxonomyMatch
FN:564,servicesForTaxonomy
FN:582,filterStrongSemanticServices
FN:628,semanticServiceGroupKey
FN:634,clearedServiceSearchContext
FN:672,handle
FN:822,applyTaxonomyMatch
FNF:20
FNH:19
FNDA:42,buildServiceOption
FNDA:22,serviceChoiceResponse
FNDA:21,serviceChoiceSummary
FNDA:314,normalizeServiceSearchText
FNDA:410,canonicalServiceToken
FNDA:264,serviceSearchTokens
FNDA:50,analyzeServiceQuery
FNDA:474,strongTokenSimilarity
FNDA:93,calculateLexicalMatch
FNDA:48,findLexicalServiceAnchors
FNDA:3,findServiceChoiceByName
FNDA:0,taxonomyFromServices
FNDA:48,loadActiveTaxonomy
FNDA:48,findUniqueTaxonomyMatch
FNDA:5,servicesForTaxonomy
FNDA:19,filterStrongSemanticServices
FNDA:36,semanticServiceGroupKey
FNDA:21,clearedServiceSearchContext
FNDA:54,handle
FNDA:5,applyTaxonomyMatch
DA:1,1
DA:2,1
DA:3,1
DA:4,1
DA:5,1
DA:6,1
DA:7,1
DA:8,1
DA:9,1
DA:10,1
DA:11,1
DA:12,1
DA:13,1
DA:14,1
DA:15,1
DA:16,1
DA:17,1
DA:18,1
DA:19,1
DA:20,1
DA:21,1
DA:22,1
DA:23,1
DA:24,1
DA:25,1
DA:26,1
DA:27,1
DA:28,1
DA:29,1
DA:30,1
DA:31,1
DA:32,1
DA:33,1
DA:34,42
DA:35,42
DA:36,42
DA:37,42
DA:38,42
DA:39,42
DA:40,42
DA:41,42
DA:42,42
DA:43,42
DA:44,42
DA:45,42
DA:46,42
DA:47,42
DA:48,42
DA:49,42
DA:50,42
DA:51,42
DA:52,42
DA:53,42
DA:54,42
DA:55,42
DA:56,42
DA:57,42
DA:58,42
DA:59,42
DA:60,0
DA:61,0
DA:62,0
DA:63,0
DA:64,0
DA:65,0
DA:66,42
DA:67,42
DA:68,42
DA:69,42
DA:70,42
DA:71,1
DA:72,22
DA:73,22
DA:74,22
DA:75,22
DA:76,22
DA:77,22
DA:78,22
DA:79,22
DA:80,22
DA:81,22
DA:82,22
DA:83,22
DA:84,22
DA:85,22
DA:86,22
DA:87,22
DA:88,22
DA:89,22
DA:90,22
DA:91,22
DA:92,22
DA:93,22
DA:94,22
DA:95,22
DA:96,22
DA:97,22
DA:98,22
DA:99,22
DA:100,22
DA:101,22
DA:102,22
DA:103,22
DA:104,22
DA:105,22
DA:106,22
DA:107,22
DA:108,22
DA:109,22
DA:110,22
DA:111,22
DA:112,22
DA:113,22
DA:114,1
DA:115,21
DA:116,21
DA:117,21
DA:118,21
DA:119,21
DA:120,21
DA:121,1
DA:122,1
DA:123,1
DA:124,1
DA:125,1
DA:126,1
DA:127,1
DA:128,1
DA:129,1
DA:130,1
DA:131,1
DA:132,1
DA:133,1
DA:134,1
DA:135,1
DA:136,1
DA:137,1
DA:138,1
DA:139,1
DA:140,1
DA:141,1
DA:142,1
DA:143,1
DA:144,1
DA:145,1
DA:146,1
DA:147,1
DA:148,1
DA:149,1
DA:150,1
DA:151,1
DA:152,1
DA:153,1
DA:154,1
DA:155,1
DA:156,1
DA:157,1
DA:158,1
DA:159,1
DA:160,1
DA:161,1
DA:162,1
DA:163,1
DA:164,1
DA:165,1
DA:166,1
DA:167,1
DA:168,1
DA:169,1
DA:170,1
DA:171,1
DA:172,1
DA:173,1
DA:174,1
DA:175,1
DA:176,1
DA:177,1
DA:178,1
DA:179,1
DA:180,1
DA:181,1
DA:182,1
DA:183,1
DA:184,1
DA:185,1
DA:186,1
DA:187,1
DA:188,1
DA:189,1
DA:190,1
DA:191,1
DA:192,1
DA:193,1
DA:194,1
DA:195,1
DA:196,1
DA:197,1
DA:198,1
DA:199,1
DA:200,1
DA:201,1
DA:202,1
DA:203,1
DA:204,1
DA:205,1
DA:206,1
DA:207,1
DA:208,1
DA:209,1
DA:210,1
DA:211,1
DA:212,1
DA:213,1
DA:214,1
DA:215,1
DA:216,1
DA:217,1
DA:218,1
DA:219,1
DA:220,1
DA:221,1
DA:222,1
DA:223,1
DA:224,1
DA:225,1
DA:226,1
DA:227,1
DA:228,1
DA:229,1
DA:230,1
DA:231,1
DA:232,1
DA:233,1
DA:234,1
DA:235,1
DA:236,1
DA:237,1
DA:238,1
DA:239,1
DA:240,1
DA:241,1
DA:242,314
DA:243,314
DA:244,314
DA:245,314
DA:246,314
DA:247,314
DA:248,314
DA:249,314
DA:250,314
DA:251,1
DA:252,410
DA:253,410
DA:254,410
DA:255,410
DA:256,410
DA:257,410
DA:258,410
DA:259,1
DA:260,264
DA:261,264
DA:262,264
DA:263,264
DA:264,264
DA:265,264
DA:266,264
DA:267,264
DA:268,1
DA:269,50
DA:270,50
DA:271,50
DA:272,50
DA:273,50
DA:274,50
DA:275,0
DA:276,0
DA:277,50
DA:278,1
DA:279,1
DA:280,50
DA:281,49
DA:282,49
DA:283,49
DA:284,49
DA:285,2
DA:286,2
DA:287,49
DA:288,0
DA:289,0
DA:290,47
DA:291,3
DA:292,47
DA:293,44
DA:294,44
DA:295,1
DA:296,44
DA:297,43
DA:298,43
DA:299,43
DA:300,43
DA:301,0
DA:302,43
DA:303,43
DA:304,43
DA:305,43
DA:306,43
DA:307,1
DA:308,43
DA:309,42
DA:310,42
DA:311,42
DA:312,42
DA:313,2
DA:314,42
DA:315,1
DA:316,40
DA:317,0
DA:318,39
DA:319,39
DA:320,39
DA:321,0
DA:322,0
DA:323,0
DA:324,0
DA:325,39
DA:326,0
DA:327,39
DA:328,0
DA:329,0
DA:330,39
DA:331,0
DA:332,39
DA:333,2
DA:334,2
DA:335,50
DA:336,50
DA:337,50
DA:338,50
DA:339,50
DA:340,50
DA:341,50
DA:342,50
DA:343,50
DA:344,50
DA:345,50
DA:346,50
DA:347,50
DA:348,50
DA:349,1
DA:350,474
DA:351,474
DA:352,416
DA:353,416
DA:354,474
DA:355,474
DA:356,1
DA:357,93
DA:358,93
DA:359,93
DA:360,93
DA:361,93
DA:362,93
DA:363,93
DA:364,93
DA:365,93
DA:366,93
DA:367,93
DA:368,93
DA:369,93
DA:370,93
DA:371,93
DA:372,93
DA:373,127
DA:374,127
DA:375,127
DA:376,127
DA:377,93
DA:378,93
DA:379,93
DA:380,93
DA:381,45
DA:382,45
DA:383,93
DA:384,45
DA:385,45
DA:386,45
DA:387,45
DA:388,45
DA:389,45
DA:390,45
DA:391,45
DA:392,1
DA:393,48
DA:394,48
DA:395,48
DA:396,48
DA:397,48
DA:398,48
DA:399,67
DA:400,67
DA:401,67
DA:402,67
DA:403,67
DA:404,67
DA:405,48
DA:406,48
DA:407,48
DA:408,48
DA:409,16
DA:410,16
DA:411,48
DA:412,48
DA:413,48
DA:414,48
DA:415,48
DA:416,24
DA:417,24
DA:418,24
DA:419,24
DA:420,24
DA:421,24
DA:422,24
DA:423,24
DA:424,1
DA:425,3
DA:426,3
DA:427,3
DA:428,3
DA:429,3
DA:430,3
DA:431,3
DA:432,3
DA:433,3
DA:434,2
DA:435,2
DA:436,3
DA:437,2
DA:438,2
DA:439,6
DA:440,6
DA:441,2
DA:442,2
DA:443,2
DA:444,2
DA:445,3
DA:446,3
DA:447,1
DA:448,0
DA:449,0
DA:450,0
DA:451,0
DA:452,0
DA:453,0
DA:454,0
DA:455,0
DA:456,0
DA:457,0
DA:458,0
DA:459,0
DA:460,0
DA:461,0
DA:462,0
DA:463,0
DA:464,0
DA:465,0
DA:466,0
DA:467,0
DA:468,0
DA:469,0
DA:470,0
DA:471,0
DA:472,1
DA:473,48
DA:474,48
DA:475,48
DA:476,48
DA:477,48
DA:478,48
DA:479,0
DA:480,0
DA:481,48
DA:482,48
DA:483,48
DA:484,48
DA:485,48
DA:486,48
DA:487,48
DA:488,48
DA:489,48
DA:490,48
DA:491,48
DA:492,48
DA:493,48
DA:494,48
DA:495,48
DA:496,48
DA:497,48
DA:498,48
DA:499,48
DA:500,48
DA:501,48
DA:502,48
DA:503,48
DA:504,48
DA:505,48
DA:506,10
DA:507,10
DA:508,10
DA:509,10
DA:510,10
DA:511,10
DA:512,10
DA:513,10
DA:514,10
DA:515,10
DA:516,10
DA:517,10
DA:518,10
DA:519,10
DA:520,10
DA:521,10
DA:522,48
DA:523,0
DA:524,0
DA:525,0
DA:526,0
DA:527,0
DA:528,0
DA:529,48
DA:530,48
DA:531,1
DA:532,48
DA:533,48
DA:534,48
DA:535,48
DA:536,48
DA:537,48
DA:538,20
DA:539,20
DA:540,48
DA:541,48
DA:542,48
DA:543,48
DA:544,48
DA:545,48
DA:546,48
DA:547,0
DA:548,0
DA:549,48
DA:550,48
DA:551,48
DA:552,48
DA:553,48
DA:554,6
DA:555,6
DA:556,6
DA:557,6
DA:558,6
DA:559,6
DA:560,6
DA:561,48
DA:562,48
DA:563,1
DA:564,5
DA:565,5
DA:566,5
DA:567,5
DA:568,6
DA:569,6
DA:570,6
DA:571,5
DA:572,5
DA:573,0
DA:574,0
DA:575,0
DA:576,0
DA:577,0
DA:578,0
DA:579,0
DA:580,0
DA:581,1
DA:582,19
DA:583,19
DA:584,19
DA:585,19
DA:586,19
DA:587,19
DA:588,19
DA:589,23
DA:590,23
DA:591,23
DA:592,2
DA:593,23
DA:594,21
DA:595,21
DA:596,23
DA:597,19
DA:598,19
DA:599,19
DA:600,19
DA:601,19
DA:602,19
DA:603,19
DA:604,4
DA:605,4
DA:606,19
DA:607,3
DA:608,3
DA:609,3
DA:610,3
DA:611,3
DA:612,3
DA:613,3
DA:614,3
DA:615,3
DA:616,3
DA:617,3
DA:618,3
DA:619,3
DA:620,5
DA:621,5
DA:622,5
DA:623,3
DA:624,3
DA:625,3
DA:626,3
DA:627,1
DA:628,36
DA:629,36
DA:630,36
DA:631,36
DA:632,36
DA:633,1
DA:634,21
DA:635,21
DA:636,21
DA:637,21
DA:638,21
DA:639,21
DA:640,21
DA:641,21
DA:642,21
DA:643,21
DA:644,21
DA:645,21
DA:646,21
DA:647,21
DA:648,21
DA:649,21
DA:650,21
DA:651,21
DA:652,21
DA:653,21
DA:654,21
DA:655,21
DA:656,21
DA:657,21
DA:658,21
DA:659,21
DA:660,21
DA:661,21
DA:662,21
DA:663,21
DA:664,21
DA:665,21
DA:666,21
DA:667,21
DA:668,21
DA:669,21
DA:670,1
DA:671,1
DA:672,1
DA:673,54
DA:674,54
DA:675,54
DA:676,54
DA:677,54
DA:678,54
DA:679,54
DA:680,54
DA:681,54
DA:682,54
DA:683,54
DA:684,0
DA:685,0
DA:686,0
DA:687,0
DA:688,0
DA:689,0
DA:690,0
DA:691,0
DA:692,0
DA:693,0
DA:694,0
DA:695,0
DA:696,0
DA:697,0
DA:698,0
DA:699,0
DA:700,0
DA:701,0
DA:702,0
DA:703,0
DA:704,0
DA:705,0
DA:706,0
DA:707,0
DA:708,0
DA:709,0
DA:710,0
DA:711,0
DA:712,0
DA:713,0
DA:714,0
DA:715,0
DA:716,0
DA:717,0
DA:718,0
DA:719,0
DA:720,0
DA:721,0
DA:722,0
DA:723,54
DA:724,54
DA:725,54
DA:726,8
DA:727,8
DA:728,8
DA:729,8
DA:730,8
DA:731,8
DA:732,8
DA:733,8
DA:734,8
DA:735,4
DA:736,4
DA:737,3
DA:738,3
DA:739,4
DA:740,5
DA:741,8
DA:742,2
DA:743,2
DA:744,2
DA:745,2
DA:746,2
DA:747,2
DA:748,2
DA:749,2
DA:750,3
DA:751,3
DA:752,3
DA:753,3
DA:754,3
DA:755,8
DA:756,8
DA:757,8
DA:758,8
DA:759,8
DA:760,48
DA:761,48
DA:762,54
DA:763,54
DA:764,0
DA:765,0
DA:766,0
DA:767,0
DA:768,0
DA:769,0
DA:770,0
DA:771,0
DA:772,48
DA:773,48
DA:774,48
DA:775,48
DA:776,48
DA:777,48
DA:778,48
DA:779,48
DA:780,48
DA:781,48
DA:782,48
DA:783,48
DA:784,48
DA:785,48
DA:786,48
DA:787,48
DA:788,48
DA:789,48
DA:790,48
DA:791,48
DA:792,48
DA:793,48
DA:794,48
DA:795,48
DA:796,48
DA:797,48
DA:798,48
DA:799,48
DA:800,48
DA:801,48
DA:802,48
DA:803,48
DA:804,48
DA:805,48
DA:806,48
DA:807,48
DA:808,48
DA:809,48
DA:810,48
DA:811,48
DA:812,48
DA:813,48
DA:814,48
DA:815,48
DA:816,54
DA:817,54
DA:818,54
DA:819,54
DA:820,54
DA:821,54
DA:822,54
DA:823,5
DA:824,5
DA:825,5
DA:826,5
DA:827,5
DA:828,5
DA:829,5
DA:830,5
DA:831,5
DA:832,5
DA:833,5
DA:834,5
DA:835,5
DA:836,5
DA:837,5
DA:838,5
DA:839,5
DA:840,5
DA:841,0
DA:842,0
DA:843,0
DA:844,0
DA:845,0
DA:846,54
DA:847,54
DA:848,54
DA:849,54
DA:850,54
DA:851,54
DA:852,54
DA:853,5
DA:854,5
DA:855,54
DA:856,24
DA:857,24
DA:858,41
DA:859,0
DA:860,0
DA:861,19
DA:862,19
DA:863,19
DA:864,19
DA:865,19
DA:866,23
DA:867,23
DA:868,23
DA:869,23
DA:870,23
DA:871,23
DA:872,23
DA:873,23
DA:874,23
DA:875,23
DA:876,23
DA:877,23
DA:878,23
DA:879,19
DA:880,19
DA:881,19
DA:882,19
DA:883,19
DA:884,19
DA:885,19
DA:886,19
DA:887,19
DA:888,19
DA:889,19
DA:890,19
DA:891,19
DA:892,19
DA:893,19
DA:894,19
DA:895,19
DA:896,0
DA:897,0
DA:898,0
DA:899,0
DA:900,0
DA:901,0
DA:902,0
DA:903,0
DA:904,0
DA:905,0
DA:906,0
DA:907,0
DA:908,0
DA:909,0
DA:910,0
DA:911,0
DA:912,0
DA:913,0
DA:914,0
DA:915,0
DA:916,0
DA:917,0
DA:918,0
DA:919,19
DA:920,43
DA:921,54
DA:922,16
DA:923,16
DA:924,16
DA:925,16
DA:926,16
DA:927,16
DA:928,16
DA:929,16
DA:930,16
DA:931,27
DA:932,27
DA:933,27
DA:934,27
DA:935,27
DA:936,27
DA:937,27
DA:938,27
DA:939,54
DA:940,18
DA:941,18
DA:942,9
DA:943,9
DA:944,9
DA:945,9
DA:946,49
DA:947,54
DA:948,54
DA:949,54
DA:950,54
DA:951,54
DA:952,54
DA:953,54
DA:954,54
DA:955,54
DA:956,54
DA:957,54
DA:958,54
DA:959,54
DA:960,54
DA:961,54
DA:962,1
LF:962
LH:823
BRDA:34,0,0,42
BRDA:35,1,0,0
BRDA:45,2,0,0
BRDA:47,3,0,0
BRDA:47,4,0,0
BRDA:48,5,0,0
BRDA:48,6,0,0
BRDA:48,7,0,0
BRDA:50,8,0,0
BRDA:50,9,0,0
BRDA:50,10,0,0
BRDA:51,11,0,0
BRDA:51,12,0,0
BRDA:51,13,0,0
BRDA:51,14,0,0
BRDA:52,15,0,0
BRDA:52,16,0,0
BRDA:53,17,0,0
BRDA:53,18,0,0
BRDA:53,19,0,0
BRDA:54,20,0,0
BRDA:54,21,0,0
BRDA:54,22,0,0
BRDA:55,23,0,0
BRDA:59,24,0,0
BRDA:72,25,0,22
BRDA:115,26,0,21
BRDA:119,27,0,0
BRDA:242,28,0,314
BRDA:252,29,0,410
BRDA:256,30,0,11
BRDA:257,31,0,399
BRDA:257,32,0,9
BRDA:257,33,0,390
BRDA:260,34,0,264
BRDA:264,35,0,527
BRDA:269,36,0,50
BRDA:274,37,0,0
BRDA:277,38,0,1
BRDA:280,39,0,49
BRDA:284,40,0,2
BRDA:287,41,0,47
BRDA:287,42,0,0
BRDA:290,43,0,3
BRDA:292,44,0,44
BRDA:294,45,0,1
BRDA:296,46,0,43
BRDA:300,47,0,0
BRDA:306,48,0,1
BRDA:308,49,0,42
BRDA:312,50,0,2
BRDA:314,51,0,40
BRDA:314,52,0,1
BRDA:316,53,0,39
BRDA:316,54,0,0
BRDA:320,55,0,0
BRDA:325,56,0,0
BRDA:327,57,0,0
BRDA:330,58,0,0
BRDA:332,59,0,2
BRDA:336,60,0,13
BRDA:336,61,0,13
BRDA:336,62,0,37
BRDA:341,63,0,13
BRDA:341,64,0,13
BRDA:341,65,0,37
BRDA:341,66,0,36
BRDA:341,67,0,1
BRDA:345,68,0,0
BRDA:338,69,0,75
BRDA:350,70,0,474
BRDA:351,71,0,58
BRDA:352,72,0,416
BRDA:354,73,0,1
BRDA:354,74,0,415
BRDA:357,75,0,93
BRDA:361,76,0,0
BRDA:370,77,0,0
BRDA:380,78,0,48
BRDA:381,79,0,45
BRDA:383,80,0,0
BRDA:384,81,0,45
BRDA:365,82,0,227
BRDA:366,83,0,0
BRDA:372,84,0,127
BRDA:374,85,0,474
BRDA:379,86,0,127
BRDA:388,87,0,58
BRDA:393,88,0,48
BRDA:415,89,0,24
BRDA:398,90,0,67
BRDA:401,91,0,0
BRDA:402,92,0,0
BRDA:402,93,0,0
BRDA:404,94,0,38
BRDA:404,95,0,29
BRDA:406,96,0,67
BRDA:408,97,0,16
BRDA:409,98,0,14
BRDA:410,99,0,14
BRDA:420,100,0,38
BRDA:421,101,0,37
BRDA:425,102,0,3
BRDA:433,103,0,1
BRDA:434,104,0,2
BRDA:436,105,0,0
BRDA:437,106,0,2
BRDA:445,107,0,0
BRDA:445,108,0,2
BRDA:431,109,0,9
BRDA:438,110,0,6
BRDA:440,111,0,1
BRDA:440,112,0,5
BRDA:440,113,0,1
BRDA:473,114,0,48
BRDA:478,115,0,0
BRDA:501,116,0,0
BRDA:505,117,0,10
BRDA:511,118,0,0
BRDA:511,119,0,0
BRDA:512,120,0,0
BRDA:514,121,0,0
BRDA:522,122,0,0
BRDA:532,123,0,48
BRDA:553,124,0,42
BRDA:554,125,0,6
BRDA:561,126,0,0
BRDA:537,127,0,20
BRDA:542,128,0,20
BRDA:555,129,0,6
BRDA:564,130,0,5
BRDA:573,131,0,0
BRDA:567,132,0,6
BRDA:569,133,0,0
BRDA:569,134,0,0
BRDA:582,135,0,19
BRDA:588,136,0,23
BRDA:591,137,0,2
BRDA:593,138,0,21
BRDA:603,139,0,16
BRDA:603,140,0,15
BRDA:604,141,0,4
BRDA:606,142,0,17
BRDA:606,143,0,1
BRDA:607,144,0,3
BRDA:599,145,0,5
BRDA:600,146,0,0
BRDA:610,147,0,6
BRDA:610,148,0,3
BRDA:611,149,0,3
BRDA:614,150,0,6
BRDA:618,151,0,8
BRDA:619,152,0,5
BRDA:621,153,0,0
BRDA:624,154,0,2
BRDA:628,155,0,36
BRDA:630,156,0,0
BRDA:630,157,0,0
BRDA:634,158,0,21
BRDA:672,159,0,54
BRDA:679,160,0,0
BRDA:683,161,0,0
BRDA:725,162,0,8
BRDA:725,163,0,8
BRDA:734,164,0,4
BRDA:736,165,0,3
BRDA:740,166,0,5
BRDA:741,167,0,4
BRDA:741,168,0,2
BRDA:750,169,0,3
BRDA:755,170,0,1
BRDA:760,171,0,48
BRDA:762,172,0,0
BRDA:762,173,0,48
BRDA:763,174,0,0
BRDA:772,175,0,48
BRDA:816,176,0,6
BRDA:816,177,0,42
BRDA:816,178,0,6
BRDA:852,179,0,6
BRDA:852,180,0,6
BRDA:852,181,0,5
BRDA:855,182,0,43
BRDA:855,183,0,41
BRDA:855,184,0,24
BRDA:858,185,0,19
BRDA:858,186,0,0
BRDA:895,187,0,0
BRDA:921,188,0,50
BRDA:921,189,0,16
BRDA:931,190,0,27
BRDA:939,191,0,24
BRDA:939,192,0,21
BRDA:939,193,0,18
BRDA:940,194,0,3
BRDA:940,195,0,15
BRDA:942,196,0,49
BRDA:942,197,0,9
BRDA:946,198,0,6
BRDA:947,199,0,3
BRDA:948,200,0,6
BRDA:822,201,0,5
BRDA:841,202,0,0
BRDA:865,203,0,23
BRDA:870,204,0,0
BRDA:871,205,0,0
BRDA:871,206,0,0
BRDA:872,207,0,0
BRDA:875,208,0,115
BRDA:876,209,0,92
BRDA:883,210,0,23
BRDA:886,211,0,23
BRDA:887,212,0,23
BRDA:932,213,0,42
BRDA:936,214,0,33
BRDA:954,215,0,15
BRF:216
BRH:147
end_of_record
TN:
SF:src\services\bot\states\InicioState.ts
FN:13,handle
FNF:1
FNH:1
FNDA:10,handle
DA:1,1
DA:2,1
DA:3,1
DA:4,1
DA:5,1
DA:6,1
DA:7,1
DA:8,1
DA:9,1
DA:10,1
DA:11,1
DA:12,1
DA:13,1
DA:14,10
DA:15,10
DA:16,10
DA:17,10
DA:18,10
DA:19,10
DA:20,10
DA:21,10
DA:22,10
DA:23,10
DA:24,10
DA:25,10
DA:26,10
DA:27,0
DA:28,0
DA:29,0
DA:30,0
DA:31,0
DA:32,0
DA:33,0
DA:34,0
DA:35,0
DA:36,0
DA:37,0
DA:38,0
DA:39,0
DA:40,0
DA:41,0
DA:42,0
DA:43,0
DA:44,0
DA:45,0
DA:46,0
DA:47,0
DA:48,0
DA:49,0
DA:50,0
DA:51,0
DA:52,0
DA:53,0
DA:54,0
DA:55,0
DA:56,0
DA:57,0
DA:58,0
DA:59,0
DA:60,0
DA:61,0
DA:62,0
DA:63,0
DA:64,0
DA:65,0
DA:66,0
DA:67,0
DA:68,0
DA:69,0
DA:70,0
DA:71,10
DA:72,10
DA:73,10
DA:74,1
DA:75,1
DA:76,1
DA:77,1
DA:78,1
DA:79,1
DA:80,1
DA:81,1
DA:82,1
DA:83,1
DA:84,10
DA:85,10
DA:86,1
DA:87,1
DA:88,1
DA:89,1
DA:90,1
DA:91,0
DA:92,0
DA:93,1
DA:94,1
DA:95,1
DA:96,1
DA:97,1
DA:98,1
DA:99,1
DA:100,1
DA:101,1
DA:102,1
DA:103,1
DA:104,1
DA:105,1
DA:106,10
DA:107,10
DA:108,1
DA:109,1
DA:110,1
DA:111,1
DA:112,1
DA:113,1
DA:114,10
DA:115,10
DA:116,1
DA:117,1
DA:118,1
DA:119,1
DA:120,1
DA:121,1
DA:122,10
DA:123,10
DA:124,0
DA:125,0
DA:126,0
DA:127,0
DA:128,0
DA:129,0
DA:130,0
DA:131,0
DA:132,0
DA:133,0
DA:134,0
DA:135,0
DA:136,0
DA:137,0
DA:138,0
DA:139,0
DA:140,0
DA:141,0
DA:142,0
DA:143,0
DA:144,0
DA:145,0
DA:146,0
DA:147,0
DA:148,0
DA:149,0
DA:150,0
DA:151,0
DA:152,0
DA:153,0
DA:154,0
DA:155,0
DA:156,0
DA:157,0
DA:158,0
DA:159,0
DA:160,0
DA:161,0
DA:162,0
DA:163,0
DA:164,0
DA:165,0
DA:166,10
DA:167,10
DA:168,6
DA:169,6
DA:170,6
DA:171,6
DA:172,6
DA:173,6
DA:174,6
DA:175,10
DA:176,10
DA:177,1
LF:177
LH:89
BRDA:13,0,0,10
BRDA:19,1,0,0
BRDA:26,2,0,0
BRDA:73,3,0,1
BRDA:85,4,0,1
BRDA:90,5,0,0
BRDA:93,6,0,0
BRDA:94,7,0,0
BRDA:95,8,0,0
BRDA:100,9,0,0
BRDA:107,10,0,1
BRDA:115,11,0,1
BRDA:123,12,0,0
BRDA:167,13,0,6
BRF:14
BRH:6
end_of_record
TN:
SF:src\utils\nlp.util.ts
FN:1,normalizeText
FN:11,levenshteinDistance
FN:32,stringSimilarity
FN:39,calculateMatchScore
FN:64,findBestOptionMatch
FNF:5
FNH:3
FNDA:167,normalizeText
FNDA:416,levenshteinDistance
FNDA:416,stringSimilarity
FNDA:0,calculateMatchScore
FNDA:0,findBestOptionMatch
DA:1,167
DA:2,167
DA:3,167
DA:4,167
DA:5,167
DA:6,167
DA:7,167
DA:8,167
DA:9,167
DA:10,1
DA:11,416
DA:12,416
DA:13,416
DA:14,416
DA:15,416
DA:16,416
DA:17,2533
DA:18,24835
DA:19,1963
DA:20,24835
DA:21,22872
DA:22,22872
DA:23,22872
DA:24,22872
DA:25,22872
DA:26,22872
DA:27,24835
DA:28,2533
DA:29,416
DA:30,416
DA:31,1
DA:32,416
DA:33,416
DA:34,416
DA:35,416
DA:36,416
DA:37,416
DA:38,1
DA:39,0
DA:40,0
DA:41,0
DA:42,0
DA:43,0
DA:44,0
DA:45,0
DA:46,0
DA:47,0
DA:48,0
DA:49,0
DA:50,0
DA:51,0
DA:52,0
DA:53,0
DA:54,0
DA:55,0
DA:56,0
DA:57,0
DA:58,0
DA:59,0
DA:60,0
DA:61,0
DA:62,0
DA:63,1
DA:64,0
DA:65,0
DA:66,0
DA:67,0
DA:68,0
DA:69,0
DA:70,0
DA:71,0
DA:72,0
DA:73,0
DA:74,0
DA:75,0
DA:76,0
DA:77,0
DA:78,0
DA:79,0
DA:80,0
DA:81,0
DA:82,0
DA:83,0
DA:84,0
DA:85,0
DA:86,0
DA:87,0
DA:88,0
DA:89,0
DA:90,0
DA:91,0
DA:92,0
DA:93,0
DA:94,0
DA:95,0
DA:96,0
DA:97,0
DA:98,0
DA:99,0
DA:100,0
DA:101,0
DA:102,0
DA:103,0
DA:104,0
DA:105,0
DA:106,0
DA:107,0
DA:108,0
DA:109,0
DA:110,0
DA:111,0
DA:112,0
DA:113,0
DA:114,0
DA:115,0
DA:116,0
DA:117,0
DA:118,0
DA:119,0
DA:120,0
LF:120
LH:39
BRDA:1,0,0,167
BRDA:11,1,0,416
BRDA:13,2,0,2949
BRDA:14,3,0,4365
BRDA:16,4,0,2533
BRDA:17,5,0,24835
BRDA:18,6,0,1963
BRDA:20,7,0,22872
BRDA:32,8,0,416
BRDA:33,9,0,178
BRDA:33,10,0,238
BRDA:34,11,0,178
BRDA:34,12,0,238
BRDA:35,13,0,0
BRF:14
BRH:13
end_of_record
